<?xml version="1.0" encoding="UTF-8"?>
<!-- Generated by org.testng.reporters.JUnitReportReporter -->
<testsuite hostname="DESKTOP-QVM6J4J" failures="0" tests="1" name="com.Test.TC_002_verifyRegistration" time="10.435" errors="0" timestamp="2022-04-03T18:34:43 IST" skipped="0">
  <testcase classname="com.Test.TC_002_verifyRegistration" name="verify_registration" time="10.435"/>
  <system-out/>
</testsuite> <!-- com.Test.TC_002_verifyRegistration -->
